Microsoft HTML Help Compiler 4.74.8702

Compiling d:\Savar\Auxilary\MyHttmDownloader_Socket\MyHttpDLMaster\Helps\myHttpDL.chm


Compile time: 0 minutes, 1 second
4	Topics
12	Local links
1	Internet link
0	Graphics


Created d:\Savar\Auxilary\MyHttmDownloader_Socket\MyHttpDLMaster\Helps\myHttpDL.chm, 13,884 bytes
Compression increased file by 1,700 bytes.
Microsoft HTML Help Compiler 4.74.8702

Compiling d:\Savar\Auxilary\MyHttmDownloader_Socket\MyHttpDLMaster\Helps\myHttpDL.chm


Compile time: 0 minutes, 1 second
4	Topics
12	Local links
1	Internet link
0	Graphics


Created d:\Savar\Auxilary\MyHttmDownloader_Socket\MyHttpDLMaster\Helps\myHttpDL.chm, 13,884 bytes
Compression increased file by 1,700 bytes.
Microsoft HTML Help Compiler 4.74.8702

Compiling d:\Savar\Auxilary\MyHttmDownloader_Socket\MyHttpDLMaster\Helps\myHttpDL.chm


Compile time: 0 minutes, 1 second
4	Topics
12	Local links
1	Internet link
0	Graphics


Created d:\Savar\Auxilary\MyHttmDownloader_Socket\MyHttpDLMaster\Helps\myHttpDL.chm, 13,884 bytes
Compression increased file by 1,700 bytes.
Microsoft HTML Help Compiler 4.74.8702

Compiling d:\Savar\Auxilary\MyHttmDownloader_Socket\MyHttpDLMaster\Helps\myHttpDL.chm


Compile time: 0 minutes, 1 second
4	Topics
12	Local links
1	Internet link
0	Graphics


Created d:\Savar\Auxilary\MyHttmDownloader_Socket\MyHttpDLMaster\Helps\myHttpDL.chm, 13,884 bytes
Compression increased file by 1,700 bytes.
Microsoft HTML Help Compiler 4.74.8702

Compiling d:\Savar\Auxilary\MyHttmDownloader_Socket\MyHttpDLMaster\Helps\myHttpDL.chm


Compile time: 0 minutes, 1 second
4	Topics
12	Local links
1	Internet link
0	Graphics


Created d:\Savar\Auxilary\MyHttmDownloader_Socket\MyHttpDLMaster\Helps\myHttpDL.chm, 13,884 bytes
Compression increased file by 1,700 bytes.
Microsoft HTML Help Compiler 4.74.8702

Compiling d:\Savar\Auxilary\MyHttmDownloader_Socket\MyHttpDLMaster\Helps\myHttpDL.chm


Compile time: 0 minutes, 1 second
4	Topics
12	Local links
1	Internet link
0	Graphics


Created d:\Savar\Auxilary\MyHttmDownloader_Socket\MyHttpDLMaster\Helps\myHttpDL.chm, 13,884 bytes
Compression increased file by 1,700 bytes.
Microsoft HTML Help Compiler 4.74.8702

Compiling d:\Savar\Auxilary\MyHttmDownloader_Socket\MyHttpDLMaster\Helps\myHttpDL.chm


Compile time: 0 minutes, 1 second
4	Topics
12	Local links
1	Internet link
0	Graphics


Created d:\Savar\Auxilary\MyHttmDownloader_Socket\MyHttpDLMaster\Helps\myHttpDL.chm, 13,884 bytes
Compression increased file by 1,700 bytes.
